c:\users\andyw\documents\dev\monarch\monarchvm\monarchvm\x64\debug\vc143.pdb
c:\users\andyw\documents\dev\monarch\monarchvm\monarchvm\x64\debug\vc143.idb
c:\users\andyw\documents\dev\monarch\monarchvm\monarchvm\x64\debug\vm.obj
c:\users\andyw\documents\dev\monarch\monarchvm\monarchvm\x64\debug\value.obj
c:\users\andyw\documents\dev\monarch\monarchvm\monarchvm\x64\debug\strutil.obj
c:\users\andyw\documents\dev\monarch\monarchvm\monarchvm\x64\debug\memory.obj
c:\users\andyw\documents\dev\monarch\monarchvm\monarchvm\x64\debug\main.obj
c:\users\andyw\documents\dev\monarch\monarchvm\monarchvm\x64\debug\input.obj
c:\users\andyw\documents\dev\monarch\monarchvm\monarchvm\x64\debug\debug.obj
c:\users\andyw\documents\dev\monarch\monarchvm\monarchvm\x64\debug\chunk.obj
c:\users\andyw\documents\dev\monarch\monarchvm\x64\debug\monarchvm.exe
c:\users\andyw\documents\dev\monarch\monarchvm\x64\debug\monarchvm.pdb
c:\users\andyw\documents\dev\monarch\monarchvm\monarchvm\x64\debug\monarchvm.ilk
c:\users\andyw\documents\dev\monarch\monarchvm\monarchvm\x64\debug\helloworld.ilk
c:\users\andyw\documents\dev\monarch\monarchvm\monarchvm\x64\debug\monarch.ilk
c:\users\andyw\documents\dev\monarch\monarchvm\monarchvm\x64\debug\monarchvm.tlog\cl.command.1.tlog
c:\users\andyw\documents\dev\monarch\monarchvm\monarchvm\x64\debug\monarchvm.tlog\cl.items.tlog
c:\users\andyw\documents\dev\monarch\monarchvm\monarchvm\x64\debug\monarchvm.tlog\cl.read.1.tlog
c:\users\andyw\documents\dev\monarch\monarchvm\monarchvm\x64\debug\monarchvm.tlog\cl.write.1.tlog
c:\users\andyw\documents\dev\monarch\monarchvm\monarchvm\x64\debug\monarchvm.tlog\link.command.1.tlog
c:\users\andyw\documents\dev\monarch\monarchvm\monarchvm\x64\debug\monarchvm.tlog\link.read.1.tlog
c:\users\andyw\documents\dev\monarch\monarchvm\monarchvm\x64\debug\monarchvm.tlog\link.secondary.1.tlog
c:\users\andyw\documents\dev\monarch\monarchvm\monarchvm\x64\debug\monarchvm.tlog\link.write.1.tlog
