c:\users\andyw\documents\dev\monarch\monarchvm\monarchvm\x64\release\vc143.pdb
c:\users\andyw\documents\dev\monarch\monarchvm\monarchvm\x64\release\vm.obj
c:\users\andyw\documents\dev\monarch\monarchvm\monarchvm\x64\release\value.obj
c:\users\andyw\documents\dev\monarch\monarchvm\monarchvm\x64\release\strutil.obj
c:\users\andyw\documents\dev\monarch\monarchvm\monarchvm\x64\release\memory.obj
c:\users\andyw\documents\dev\monarch\monarchvm\monarchvm\x64\release\main.obj
c:\users\andyw\documents\dev\monarch\monarchvm\monarchvm\x64\release\input.obj
c:\users\andyw\documents\dev\monarch\monarchvm\monarchvm\x64\release\debug.obj
c:\users\andyw\documents\dev\monarch\monarchvm\monarchvm\x64\release\chunk.obj
c:\users\andyw\documents\dev\monarch\monarchvm\x64\release\monarchvm.exe
c:\users\andyw\documents\dev\monarch\monarchvm\x64\release\monarchvm.pdb
c:\users\andyw\documents\dev\monarch\monarchvm\monarchvm\x64\release\monarchvm.ipdb
c:\users\andyw\documents\dev\monarch\monarchvm\monarchvm\x64\release\monarchvm.iobj
c:\users\andyw\documents\dev\monarch\monarchvm\monarchvm\x64\release\monarchvm.tlog\cl.command.1.tlog
c:\users\andyw\documents\dev\monarch\monarchvm\monarchvm\x64\release\monarchvm.tlog\cl.items.tlog
c:\users\andyw\documents\dev\monarch\monarchvm\monarchvm\x64\release\monarchvm.tlog\cl.read.1.tlog
c:\users\andyw\documents\dev\monarch\monarchvm\monarchvm\x64\release\monarchvm.tlog\cl.write.1.tlog
c:\users\andyw\documents\dev\monarch\monarchvm\monarchvm\x64\release\monarchvm.tlog\link.command.1.tlog
c:\users\andyw\documents\dev\monarch\monarchvm\monarchvm\x64\release\monarchvm.tlog\link.read.1.tlog
c:\users\andyw\documents\dev\monarch\monarchvm\monarchvm\x64\release\monarchvm.tlog\link.secondary.1.tlog
c:\users\andyw\documents\dev\monarch\monarchvm\monarchvm\x64\release\monarchvm.tlog\link.write.1.tlog
